[0.253s] Invoking command in '/home/seth/omnibase_ws/build/mecanumbot_hardware': CMAKE_PREFIX_PATH=${CMAKE_PREFIX_PATH}:/home/seth/omnibase_ws/install/omnibase_vision:/home/seth/omnibase_ws/install/omnibase_control:/opt/ros/jazzy DEBUGINFOD_URLS=https://debuginfod.ubuntu.com /usr/bin/cmake /home/seth/omnibase_ws/base_ws/src/ros2-mecanum-bot/mecanumbot_hardware -DAMENT_CMAKE_SYMLINK_INSTALL=1 -DCMAKE_INSTALL_PREFIX=/home/seth/omnibase_ws/install/mecanumbot_hardware
[0.295s] -- The C compiler identification is GNU 11.5.0
[0.335s] -- The CXX compiler identification is GNU 11.5.0
[0.349s] -- Detecting C compiler ABI info
[0.421s] -- Detecting C compiler ABI info - done
[0.426s] -- Check for working C compiler: /usr/bin/cc - skipped
[0.426s] -- Detecting C compile features
[0.427s] -- Detecting C compile features - done
[0.433s] -- Detecting CXX compiler ABI info
[0.507s] -- Detecting CXX compiler ABI info - done
[0.513s] -- Check for working CXX compiler: /usr/bin/c++ - skipped
[0.513s] -- Detecting CXX compile features
[0.513s] -- Detecting CXX compile features - done
[0.518s] -- Found ament_cmake: 2.5.4 (/opt/ros/jazzy/share/ament_cmake/cmake)
[0.637s] -- Found Python3: /usr/bin/python3 (found version "3.12.3") found components: Interpreter 
[0.688s] -- Override CMake install command with custom implementation using symlinks instead of copying resources
[0.744s] -- Found hardware_interface: 4.39.2 (/opt/ros/jazzy/share/hardware_interface/cmake)
[0.820s] -- Found rosidl_generator_c: 4.6.6 (/opt/ros/jazzy/share/rosidl_generator_c/cmake)
[0.838s] -- Found rosidl_generator_cpp: 4.6.6 (/opt/ros/jazzy/share/rosidl_generator_cpp/cmake)
[0.858s] -- Using all available rosidl_typesupport_c: rosidl_typesupport_fastrtps_c;rosidl_typesupport_introspection_c
[0.880s] -- Using all available rosidl_typesupport_cpp: rosidl_typesupport_fastrtps_cpp;rosidl_typesupport_introspection_cpp
[1.096s] -- Found TinyXML2 via Config file: /usr/lib/x86_64-linux-gnu/cmake/tinyxml2
[1.138s] -- Found rmw_implementation_cmake: 7.3.2 (/opt/ros/jazzy/share/rmw_implementation_cmake/cmake)
[1.142s] -- Found rmw_fastrtps_cpp: 8.4.3 (/opt/ros/jazzy/share/rmw_fastrtps_cpp/cmake)
[1.164s] -- Found TinyXML2 via Config file: /usr/lib/x86_64-linux-gnu/cmake/tinyxml2
[1.212s] -- Found OpenSSL: /usr/lib/x86_64-linux-gnu/libcrypto.so (found version "3.0.13")  
[1.214s] -- Found TinyXML2 via Config file: /usr/lib/x86_64-linux-gnu/cmake/tinyxml2
[1.230s] -- Found FastRTPS: /opt/ros/jazzy/include (Required is at least version "2.13") 
[1.232s] -- Found TinyXML2 via Config file: /usr/lib/x86_64-linux-gnu/cmake/tinyxml2
[1.237s] -- Found TinyXML2 via Config file: /usr/lib/x86_64-linux-gnu/cmake/tinyxml2
[1.247s] -- Using RMW implementation 'rmw_fastrtps_cpp' as default
[1.753s] -- Configuring done (1.5s)
[1.801s] -- Generating done (0.0s)
[1.806s] -- Build files have been written to: /home/seth/omnibase_ws/build/mecanumbot_hardware
[1.828s] Invoked command in '/home/seth/omnibase_ws/build/mecanumbot_hardware' returned '0': CMAKE_PREFIX_PATH=${CMAKE_PREFIX_PATH}:/home/seth/omnibase_ws/install/omnibase_vision:/home/seth/omnibase_ws/install/omnibase_control:/opt/ros/jazzy DEBUGINFOD_URLS=https://debuginfod.ubuntu.com /usr/bin/cmake /home/seth/omnibase_ws/base_ws/src/ros2-mecanum-bot/mecanumbot_hardware -DAMENT_CMAKE_SYMLINK_INSTALL=1 -DCMAKE_INSTALL_PREFIX=/home/seth/omnibase_ws/install/mecanumbot_hardware
[1.829s] Invoking command in '/home/seth/omnibase_ws/build/mecanumbot_hardware': CMAKE_PREFIX_PATH=${CMAKE_PREFIX_PATH}:/home/seth/omnibase_ws/install/omnibase_vision:/home/seth/omnibase_ws/install/omnibase_control:/opt/ros/jazzy DEBUGINFOD_URLS=https://debuginfod.ubuntu.com /usr/bin/cmake --build /home/seth/omnibase_ws/build/mecanumbot_hardware -- -j12 -l12
[1.880s] [ 33%] [32mBuilding CXX object CMakeFiles/mecanumbot_hardware.dir/src/mecanumbot_hardware.cpp.o[0m
[1.880s] [ 66%] [32mBuilding CXX object CMakeFiles/mecanumbot_hardware.dir/src/mecanumbot_serial_port.cpp.o[0m
[2.129s] In file included from [01m[K/home/seth/omnibase_ws/base_ws/src/ros2-mecanum-bot/mecanumbot_hardware/src/mecanumbot_hardware.cpp:9[m[K:
[2.129s] [01m[K/home/seth/omnibase_ws/base_ws/src/ros2-mecanum-bot/mecanumbot_hardware/include/mecanumbot_hardware/mecanumbot_hardware.hpp:7:10:[m[K [01;31m[Kfatal error: [m[Khardware_interface/visibility_control.h: No such file or directory
[2.129s]     7 | #include [01;31m[K<hardware_interface/visibility_control.h>[m[K
[2.129s]       |          [01;31m[K^~~~~~~~~~~~~~~~~~~~~~~~~~~~~~~~~~~~~~~~~[m[K
[2.129s] compilation terminated.
[2.132s] gmake[2]: *** [CMakeFiles/mecanumbot_hardware.dir/build.make:76: CMakeFiles/mecanumbot_hardware.dir/src/mecanumbot_hardware.cpp.o] Error 1
[2.132s] gmake[2]: *** Waiting for unfinished jobs....
[4.701s] [01m[K/home/seth/omnibase_ws/base_ws/src/ros2-mecanum-bot/mecanumbot_hardware/src/mecanumbot_serial_port.cpp:[m[K In member function â€˜[01m[Kdebict::mecanumbot::hardware::return_type debict::mecanumbot::hardware::MecanumbotSerialPort::read_frames(std::vector<debict::mecanumbot::hardware::SerialHdlcFrame>&)[m[Kâ€™:
[4.701s] [01m[K/home/seth/omnibase_ws/base_ws/src/ros2-mecanum-bot/mecanumbot_hardware/src/mecanumbot_serial_port.cpp:93:37:[m[K [01;35m[Kwarning: [m[Kâ€˜[01m[Kssize_t read(int, void*, size_t)[m[Kâ€™ writing 256 bytes into a region of size 200 overflows the destination [[01;35m[K]8;;https://gcc.gnu.org/onlinedocs/gcc/Warning-Options.html#index-Wstringop-overflow=-Wstringop-overflow=]8;;[m[K]
[4.701s]    93 |     const ssize_t num_bytes = [01;35m[K::read(serial_port_, rx_buffer_, 256)[m[K;
[4.701s]       |                               [01;35m[K~~~~~~^~~~~~~~~~~~~~~~~~~~~~~~~~~~~~~[m[K
[4.702s] In file included from [01m[K/home/seth/omnibase_ws/base_ws/src/ros2-mecanum-bot/mecanumbot_hardware/src/mecanumbot_serial_port.cpp:10[m[K:
[4.702s] [01m[K/home/seth/omnibase_ws/base_ws/src/ros2-mecanum-bot/mecanumbot_hardware/include/mecanumbot_hardware/mecanumbot_serial_port.hpp:48:25:[m[K [01;36m[Knote: [m[Kdestination object â€˜[01m[Kdebict::mecanumbot::hardware::MecanumbotSerialPort::rx_buffer_[m[Kâ€™ of size 200
[4.702s]    48 |                 uint8_t [01;36m[Krx_buffer_[m[K[MECANUMBOT_SERIAL_BUFFER_MAX_SIZE];
[4.702s]       |                         [01;36m[K^~~~~~~~~~[m[K
[4.702s] In file included from [01m[K/home/seth/omnibase_ws/base_ws/src/ros2-mecanum-bot/mecanumbot_hardware/src/mecanumbot_serial_port.cpp:7[m[K:
[4.702s] [01m[K/usr/include/unistd.h:371:16:[m[K [01;36m[Knote: [m[Kin a call to function â€˜[01m[Kssize_t read(int, void*, size_t)[m[Kâ€™ declared with attribute â€˜[01m[Kaccess (write_only, 2, 3)[m[Kâ€™
[4.702s]   371 | extern ssize_t [01;36m[Kread[m[K (int __fd, void *__buf, size_t __nbytes) __wur
[4.702s]       |                [01;36m[K^~~~[m[K
[4.749s] gmake[1]: *** [CMakeFiles/Makefile2:137: CMakeFiles/mecanumbot_hardware.dir/all] Error 2
[4.749s] gmake: *** [Makefile:146: all] Error 2
[4.751s] Invoked command in '/home/seth/omnibase_ws/build/mecanumbot_hardware' returned '2': CMAKE_PREFIX_PATH=${CMAKE_PREFIX_PATH}:/home/seth/omnibase_ws/install/omnibase_vision:/home/seth/omnibase_ws/install/omnibase_control:/opt/ros/jazzy DEBUGINFOD_URLS=https://debuginfod.ubuntu.com /usr/bin/cmake --build /home/seth/omnibase_ws/build/mecanumbot_hardware -- -j12 -l12
