-- The C compiler identification is GNU 11.5.0
-- The CXX compiler identification is GNU 11.5.0
-- Detecting C compiler ABI info
-- Detecting C compiler ABI info - done
-- Check for working C compiler: /usr/bin/cc - skipped
-- Detecting C compile features
-- Detecting C compile features - done
-- Detecting CXX compiler ABI info
-- Detecting CXX compiler ABI info - done
-- Check for working CXX compiler: /usr/bin/c++ - skipped
-- Detecting CXX compile features
-- Detecting CXX compile features - done
-- Found ament_cmake: 2.5.4 (/opt/ros/jazzy/share/ament_cmake/cmake)
-- Found Python3: /usr/bin/python3 (found version "3.12.3") found components: Interpreter 
-- Override CMake install command with custom implementation using symlinks instead of copying resources
-- Found hardware_interface: 4.39.2 (/opt/ros/jazzy/share/hardware_interface/cmake)
-- Found rosidl_generator_c: 4.6.6 (/opt/ros/jazzy/share/rosidl_generator_c/cmake)
-- Found rosidl_generator_cpp: 4.6.6 (/opt/ros/jazzy/share/rosidl_generator_cpp/cmake)
-- Using all available rosidl_typesupport_c: rosidl_typesupport_fastrtps_c;rosidl_typesupport_introspection_c
-- Using all available rosidl_typesupport_cpp: rosidl_typesupport_fastrtps_cpp;rosidl_typesupport_introspection_cpp
-- Found TinyXML2 via Config file: /usr/lib/x86_64-linux-gnu/cmake/tinyxml2
-- Found rmw_implementation_cmake: 7.3.2 (/opt/ros/jazzy/share/rmw_implementation_cmake/cmake)
-- Found rmw_fastrtps_cpp: 8.4.3 (/opt/ros/jazzy/share/rmw_fastrtps_cpp/cmake)
-- Found TinyXML2 via Config file: /usr/lib/x86_64-linux-gnu/cmake/tinyxml2
-- Found OpenSSL: /usr/lib/x86_64-linux-gnu/libcrypto.so (found version "3.0.13")  
-- Found TinyXML2 via Config file: /usr/lib/x86_64-linux-gnu/cmake/tinyxml2
-- Found FastRTPS: /opt/ros/jazzy/include (Required is at least version "2.13") 
-- Found TinyXML2 via Config file: /usr/lib/x86_64-linux-gnu/cmake/tinyxml2
-- Found TinyXML2 via Config file: /usr/lib/x86_64-linux-gnu/cmake/tinyxml2
-- Using RMW implementation 'rmw_fastrtps_cpp' as default
-- Configuring done (1.1s)
-- Generating done (0.0s)
-- Build files have been written to: /home/seth/base_ws/build/mecanumbot_hardware
[ 66%] [32mBuilding CXX object CMakeFiles/mecanumbot_hardware.dir/src/mecanumbot_hardware.cpp.o[0m
[ 66%] [32mBuilding CXX object CMakeFiles/mecanumbot_hardware.dir/src/mecanumbot_serial_port.cpp.o[0m
In file included from [01m[K/home/seth/base_ws/src/ros2-mecanum-bot/mecanumbot_hardware/src/mecanumbot_hardware.cpp:9[m[K:
[01m[K/home/seth/base_ws/src/ros2-mecanum-bot/mecanumbot_hardware/include/mecanumbot_hardware/mecanumbot_hardware.hpp:7:10:[m[K [01;31m[Kfatal error: [m[Khardware_interface/visibility_control.h: No such file or directory
    7 | #include [01;31m[K<hardware_interface/visibility_control.h>[m[K
      |          [01;31m[K^~~~~~~~~~~~~~~~~~~~~~~~~~~~~~~~~~~~~~~~~[m[K
compilation terminated.
gmake[2]: *** [CMakeFiles/mecanumbot_hardware.dir/build.make:76: CMakeFiles/mecanumbot_hardware.dir/src/mecanumbot_hardware.cpp.o] Error 1
gmake[2]: *** Waiting for unfinished jobs....
[01m[K/home/seth/base_ws/src/ros2-mecanum-bot/mecanumbot_hardware/src/mecanumbot_serial_port.cpp:[m[K In member function â€˜[01m[Kdebict::mecanumbot::hardware::return_type debict::mecanumbot::hardware::MecanumbotSerialPort::read_frames(std::vector<debict::mecanumbot::hardware::SerialHdlcFrame>&)[m[Kâ€™:
[01m[K/home/seth/base_ws/src/ros2-mecanum-bot/mecanumbot_hardware/src/mecanumbot_serial_port.cpp:93:37:[m[K [01;35m[Kwarning: [m[Kâ€˜[01m[Kssize_t read(int, void*, size_t)[m[Kâ€™ writing 256 bytes into a region of size 200 overflows the destination [[01;35m[K]8;;https://gcc.gnu.org/onlinedocs/gcc/Warning-Options.html#index-Wstringop-overflow=-Wstringop-overflow=]8;;[m[K]
   93 |     const ssize_t num_bytes = [01;35m[K::read(serial_port_, rx_buffer_, 256)[m[K;
      |                               [01;35m[K~~~~~~^~~~~~~~~~~~~~~~~~~~~~~~~~~~~~~[m[K
In file included from [01m[K/home/seth/base_ws/src/ros2-mecanum-bot/mecanumbot_hardware/src/mecanumbot_serial_port.cpp:10[m[K:
[01m[K/home/seth/base_ws/src/ros2-mecanum-bot/mecanumbot_hardware/include/mecanumbot_hardware/mecanumbot_serial_port.hpp:48:25:[m[K [01;36m[Knote: [m[Kdestination object â€˜[01m[Kdebict::mecanumbot::hardware::MecanumbotSerialPort::rx_buffer_[m[Kâ€™ of size 200
   48 |                 uint8_t [01;36m[Krx_buffer_[m[K[MECANUMBOT_SERIAL_BUFFER_MAX_SIZE];
      |                         [01;36m[K^~~~~~~~~~[m[K
In file included from [01m[K/home/seth/base_ws/src/ros2-mecanum-bot/mecanumbot_hardware/src/mecanumbot_serial_port.cpp:7[m[K:
[01m[K/usr/include/unistd.h:371:16:[m[K [01;36m[Knote: [m[Kin a call to function â€˜[01m[Kssize_t read(int, void*, size_t)[m[Kâ€™ declared with attribute â€˜[01m[Kaccess (write_only, 2, 3)[m[Kâ€™
  371 | extern ssize_t [01;36m[Kread[m[K (int __fd, void *__buf, size_t __nbytes) __wur
      |                [01;36m[K^~~~[m[K
gmake[1]: *** [CMakeFiles/Makefile2:137: CMakeFiles/mecanumbot_hardware.dir/all] Error 2
gmake: *** [Makefile:146: all] Error 2
